[10:24:16] [Server thread/INFO]: Starting minecraft server version 1.8-pre1
[10:24:16] [Server console handler/ERROR]: Exception handling console input
java.io.IOException: The handle is invalid
	at java.io.FileInputStream.readBytes(Native Method) ~[?:1.7.0_60]
	at java.io.FileInputStream.read(Unknown Source) ~[?:1.7.0_60]
	at java.io.BufferedInputStream.read1(Unknown Source) ~[?:1.7.0_60]
	at java.io.BufferedInputStream.read(Unknown Source) ~[?:1.7.0_60]
	at sun.nio.cs.StreamDecoder.readBytes(Unknown Source) ~[?:1.7.0_60]
	at sun.nio.cs.StreamDecoder.implRead(Unknown Source) ~[?:1.7.0_60]
	at sun.nio.cs.StreamDecoder.read(Unknown Source) ~[?:1.7.0_60]
	at java.io.InputStreamReader.read(Unknown Source) ~[?:1.7.0_60]
	at java.io.BufferedReader.fill(Unknown Source) ~[?:1.7.0_60]
	at java.io.BufferedReader.readLine(Unknown Source) ~[?:1.7.0_60]
	at java.io.BufferedReader.readLine(Unknown Source) ~[?:1.7.0_60]
	at pq.run(SourceFile:80) [minecraft_server.1.8-pre1.jar:?]
[10:24:16] [Server thread/WARN]: To start the server with more ram, launch it as "java -Xmx1024M -Xms1024M -jar minecraft_server.jar"
[10:24:16] [Server thread/INFO]: Loading properties
[10:24:16] [Server thread/INFO]: Default game type: SURVIVAL
[10:24:16] [Server thread/INFO]: Generating keypair
[10:24:16] [Server thread/INFO]: Starting Minecraft server on *:25565
[10:24:16] [Server thread/INFO]: Preparing level "world"
[10:24:16] [Server thread/INFO]: Preparing start region for level 0
[10:24:17] [Server thread/INFO]: Preparing spawn area: 42%
[10:24:18] [Server thread/INFO]: Done (2.044s)! For help, type "help" or "?"
[10:24:22] [Server thread/WARN]: Can't keep up! Did the system time change, or is the server overloaded? Running 2486ms behind, skipping 49 tick(s)
[10:24:38] [Server thread/WARN]: Can't keep up! Did the system time change, or is the server overloaded? Running 2294ms behind, skipping 45 tick(s)
[10:24:55] [Server thread/WARN]: Can't keep up! Did the system time change, or is the server overloaded? Running 2478ms behind, skipping 49 tick(s)
[10:25:02] [User Authenticator #1/INFO]: UUID of player inventor02 is 86e48bb6-7733-48a8-b201-59283d26655e
[10:25:02] [Server thread/INFO]: inventor02[/86.177.255.141:1026] logged in with entity id 170 at (-96.145200734181, 68.0, 52.967708988771186)
[10:25:02] [Server thread/INFO]: inventor02 joined the game
[10:25:02] [User Authenticator #2/INFO]: UUID of player seanmaster05 is 78b9490f-85ac-4d45-a710-a4db32a7e0e7
[10:25:02] [Server thread/INFO]: Disconnecting com.mojang.authlib.GameProfile@2e48f1[id=78b9490f-85ac-4d45-a710-a4db32a7e0e7,name=seanmaster05,properties={textures=[com.mojang.authlib.properties.Property@1a67848]},legacy=false] (/192.168.1.68:49721): You are not white-listed on this server!
[10:25:02] [Server thread/INFO]: com.mojang.authlib.GameProfile@2e48f1[id=78b9490f-85ac-4d45-a710-a4db32a7e0e7,name=seanmaster05,properties={textures=[com.mojang.authlib.properties.Property@1a67848]},legacy=false] (/192.168.1.68:49721) lost connection: You are not white-listed on this server!
[10:25:25] [Server thread/WARN]: Can't keep up! Did the system time change, or is the server overloaded? Running 2429ms behind, skipping 48 tick(s)
[10:25:52] [Server thread/WARN]: Can't keep up! Did the system time change, or is the server overloaded? Running 2109ms behind, skipping 42 tick(s)
[10:26:07] [Server thread/INFO]: [@] inventor02 has crossed the border in to inventor02's lair. Who will be next?
[10:26:29] [User Authenticator #3/INFO]: Disconnecting /192.168.1.68:49753: Failed to verify username!
[10:26:29] [Server thread/INFO]: /192.168.1.68:49753 lost connection: Failed to verify username!
[10:26:30] [User Authenticator #4/INFO]: UUID of player seanmaster05 is 78b9490f-85ac-4d45-a710-a4db32a7e0e7
[10:26:30] [Server thread/INFO]: Disconnecting com.mojang.authlib.GameProfile@96051d[id=78b9490f-85ac-4d45-a710-a4db32a7e0e7,name=seanmaster05,properties={textures=[com.mojang.authlib.properties.Property@7049a6]},legacy=false] (/192.168.1.68:49754): You are not white-listed on this server!
[10:26:30] [Server thread/INFO]: com.mojang.authlib.GameProfile@96051d[id=78b9490f-85ac-4d45-a710-a4db32a7e0e7,name=seanmaster05,properties={textures=[com.mojang.authlib.properties.Property@7049a6]},legacy=false] (/192.168.1.68:49754) lost connection: You are not white-listed on this server!
[10:26:30] [Server thread/WARN]: Can't keep up! Did the system time change, or is the server overloaded? Running 2406ms behind, skipping 48 tick(s)
[10:26:31] [User Authenticator #5/INFO]: UUID of player seanmaster05 is 78b9490f-85ac-4d45-a710-a4db32a7e0e7
[10:26:31] [Server thread/INFO]: Disconnecting com.mojang.authlib.GameProfile@1d47b1e[id=78b9490f-85ac-4d45-a710-a4db32a7e0e7,name=seanmaster05,properties={textures=[com.mojang.authlib.properties.Property@334cb]},legacy=false] (/192.168.1.68:49759): You are not white-listed on this server!
[10:26:31] [Server thread/INFO]: com.mojang.authlib.GameProfile@1d47b1e[id=78b9490f-85ac-4d45-a710-a4db32a7e0e7,name=seanmaster05,properties={textures=[com.mojang.authlib.properties.Property@334cb]},legacy=false] (/192.168.1.68:49759) lost connection: You are not white-listed on this server!
[10:26:31] [User Authenticator #6/INFO]: UUID of player seanmaster05 is 78b9490f-85ac-4d45-a710-a4db32a7e0e7
[10:26:31] [Server thread/INFO]: Disconnecting com.mojang.authlib.GameProfile@2b35c7[id=78b9490f-85ac-4d45-a710-a4db32a7e0e7,name=seanmaster05,properties={textures=[com.mojang.authlib.properties.Property@103a3be]},legacy=false] (/192.168.1.68:49760): You are not white-listed on this server!
[10:26:31] [Server thread/INFO]: com.mojang.authlib.GameProfile@2b35c7[id=78b9490f-85ac-4d45-a710-a4db32a7e0e7,name=seanmaster05,properties={textures=[com.mojang.authlib.properties.Property@103a3be]},legacy=false] (/192.168.1.68:49760) lost connection: You are not white-listed on this server!
[10:27:17] [Server thread/WARN]: Can't keep up! Did the system time change, or is the server overloaded? Running 2568ms behind, skipping 51 tick(s)
[10:27:40] [Server thread/WARN]: Can't keep up! Did the system time change, or is the server overloaded? Running 3223ms behind, skipping 64 tick(s)
[10:27:56] [Server thread/WARN]: Can't keep up! Did the system time change, or is the server overloaded? Running 2207ms behind, skipping 44 tick(s)
[10:28:05] [Server thread/INFO]: [@] inventor02 has crossed the border in to inventor02's lair. Who will be next?
[10:28:05] [Server thread/INFO]: [@] inventor02 has crossed the border in to inventor02's lair. Who will be next?
[10:30:29] [Server thread/WARN]: Can't keep up! Did the system time change, or is the server overloaded? Running 2143ms behind, skipping 42 tick(s)
[10:30:45] [Server thread/WARN]: Can't keep up! Did the system time change, or is the server overloaded? Running 2406ms behind, skipping 48 tick(s)
[10:31:10] [Server thread/INFO]: [inventor02: Set the time to 12600]
[10:31:11] [Server thread/WARN]: Can't keep up! Did the system time change, or is the server overloaded? Running 2974ms behind, skipping 59 tick(s)
[10:31:13] [Server thread/INFO]: [@] inventor02 has crossed the border in to inventor02's lair. Who will be next?
[10:31:15] [Server thread/INFO]: [@] inventor02 has crossed the border in to inventor02's lair. Who will be next?
[10:31:44] [Server thread/WARN]: Can't keep up! Did the system time change, or is the server overloaded? Running 2126ms behind, skipping 42 tick(s)
[10:32:09] [Server thread/WARN]: Can't keep up! Did the system time change, or is the server overloaded? Running 2179ms behind, skipping 43 tick(s)
[10:33:42] [Server thread/WARN]: Can't keep up! Did the system time change, or is the server overloaded? Running 2384ms behind, skipping 47 tick(s)
[10:34:06] [Server thread/WARN]: Can't keep up! Did the system time change, or is the server overloaded? Running 10495ms behind, skipping 209 tick(s)
[10:34:35] [Server thread/WARN]: Can't keep up! Did the system time change, or is the server overloaded? Running 20497ms behind, skipping 409 tick(s)
[10:34:43] [Server thread/WARN]: Can't keep up! Did the system time change, or is the server overloaded? Running 7989ms behind, skipping 159 tick(s)
[10:35:53] [Server thread/WARN]: Can't keep up! Did the system time change, or is the server overloaded? Running 44683ms behind, skipping 893 tick(s)
[10:35:56] [Server thread/WARN]: Can't keep up! Did the system time change, or is the server overloaded? Running 3113ms behind, skipping 62 tick(s)
[10:36:18] [Server thread/WARN]: Can't keep up! Did the system time change, or is the server overloaded? Running 7106ms behind, skipping 142 tick(s)
[10:36:29] [Server thread/WARN]: Can't keep up! Did the system time change, or is the server overloaded? Running 3329ms behind, skipping 66 tick(s)
[10:36:56] [Server thread/WARN]: Can't keep up! Did the system time change, or is the server overloaded? Running 13289ms behind, skipping 265 tick(s)
[10:37:01] [Server thread/WARN]: Can't keep up! Did the system time change, or is the server overloaded? Running 2870ms behind, skipping 57 tick(s)
[10:37:17] [Server thread/WARN]: Can't keep up! Did the system time change, or is the server overloaded? Running 2671ms behind, skipping 53 tick(s)
[10:37:38] [Server thread/WARN]: Can't keep up! Did the system time change, or is the server overloaded? Running 5272ms behind, skipping 105 tick(s)
[10:37:56] [Server thread/WARN]: Can't keep up! Did the system time change, or is the server overloaded? Running 5059ms behind, skipping 101 tick(s)
[10:38:24] [Server thread/WARN]: Can't keep up! Did the system time change, or is the server overloaded? Running 17238ms behind, skipping 344 tick(s)
[10:38:31] [Server thread/WARN]: Can't keep up! Did the system time change, or is the server overloaded? Running 6659ms behind, skipping 133 tick(s)
[10:39:41] [Server thread/WARN]: Can't keep up! Did the system time change, or is the server overloaded? Running 50952ms behind, skipping 1019 tick(s)
[10:39:48] [Server thread/WARN]: Can't keep up! Did the system time change, or is the server overloaded? Running 7275ms behind, skipping 145 tick(s)
[10:40:46] [Server thread/WARN]: Can't keep up! Did the system time change, or is the server overloaded? Running 26004ms behind, skipping 520 tick(s)
[10:40:53] [Server thread/WARN]: Can't keep up! Did the system time change, or is the server overloaded? Running 2035ms behind, skipping 40 tick(s)
[10:41:15] [Server thread/INFO]: Unknown command. Try /help for a list of commands
[10:41:17] [Server thread/WARN]: Can't keep up! Did the system time change, or is the server overloaded? Running 2176ms behind, skipping 43 tick(s)
[10:41:27] [Server thread/INFO]: Added seanmaster05 to the whitelist
[10:41:40] [User Authenticator #7/INFO]: UUID of player seanmaster05 is 78b9490f-85ac-4d45-a710-a4db32a7e0e7
[10:41:40] [Server thread/INFO]: seanmaster05[/192.168.1.68:50078] logged in with entity id 6392 at (-91.5, 68.0, 54.5)
[10:41:40] [Server thread/INFO]: seanmaster05 joined the game
[10:41:44] [Server thread/WARN]: Can't keep up! Did the system time change, or is the server overloaded? Running 12030ms behind, skipping 240 tick(s)
[10:41:47] [Server thread/INFO]: [inventor02: Opped seanmaster05]
[10:41:49] [Server thread/INFO]: seanmaster05 lost connection: TextComponent{text='Disconnected', siblings=[], style=Style{hasParent=false, color=null, bold=null, italic=null, underlined=null, obfuscated=null, clickEvent=null, hoverEvent=null, insertion=null}}
[10:41:49] [Server thread/INFO]: seanmaster05 left the game
[10:41:50] [Server thread/INFO]: [inventor02: Kicked seanmaster05 from the game]
[10:41:57] [Server thread/WARN]: Can't keep up! Did the system time change, or is the server overloaded? Running 6431ms behind, skipping 128 tick(s)
[10:41:59] [Server thread/INFO]: [inventor02: Removed seanmaster05 from the whitelist]
[10:42:10] [User Authenticator #8/INFO]: UUID of player seanmaster05 is 78b9490f-85ac-4d45-a710-a4db32a7e0e7
[10:42:10] [Server thread/INFO]: seanmaster05[/192.168.1.68:50081] logged in with entity id 6532 at (-91.0174630716701, 68.2531999805212, 56.01908559252784)
[10:42:10] [Server thread/INFO]: seanmaster05 joined the game
[10:42:12] [User Authenticator #9/INFO]: UUID of player seanmaster05 is 78b9490f-85ac-4d45-a710-a4db32a7e0e7
[10:42:12] [Server thread/INFO]: seanmaster05[/192.168.1.68:50083] logged in with entity id 6558 at (-91.0174630716701, 68.2531999805212, 56.01908559252784)
[10:42:12] [Server thread/INFO]: seanmaster05 joined the game
[10:42:12] [Server thread/WARN]: seanmaster05 moved wrongly!
[10:42:13] [Server thread/INFO]: seanmaster05 lost connection: TextComponent{text='You logged in from another location', siblings=[], style=Style{hasParent=false, color=null, bold=null, italic=null, underlined=null, obfuscated=null, clickEvent=null, hoverEvent=null, insertion=null}}
[10:42:13] [Server thread/INFO]: seanmaster05 left the game
[10:42:17] [Server thread/WARN]: Can't keep up! Did the system time change, or is the server overloaded? Running 8501ms behind, skipping 170 tick(s)
[10:42:50] [Server thread/INFO]: [inventor02: Kicked seanmaster05 from the game]
[10:42:50] [Server thread/INFO]: seanmaster05 lost connection: TextComponent{text='Kicked by an operator.', siblings=[], style=Style{hasParent=false, color=null, bold=null, italic=null, underlined=null, obfuscated=null, clickEvent=null, hoverEvent=null, insertion=null}}
[10:42:50] [Server thread/INFO]: seanmaster05 left the game
[10:42:53] [Server thread/WARN]: Can't keep up! Did the system time change, or is the server overloaded? Running 24049ms behind, skipping 480 tick(s)
[10:42:56] [Server thread/WARN]: Can't keep up! Did the system time change, or is the server overloaded? Running 2525ms behind, skipping 50 tick(s)
[10:42:58] [Server thread/INFO]: com.mojang.authlib.GameProfile@1dc1d17[id=<null>,name=seanmaster05,properties={},legacy=false] (/192.168.1.68:50086) lost connection: Disconnected
[10:42:58] [User Authenticator #10/INFO]: UUID of player seanmaster05 is 78b9490f-85ac-4d45-a710-a4db32a7e0e7
[10:43:07] [Server thread/INFO]: [inventor02: Added seanmaster05 to the whitelist]
[10:43:13] [User Authenticator #11/INFO]: UUID of player seanmaster05 is 78b9490f-85ac-4d45-a710-a4db32a7e0e7
[10:43:13] [Server thread/INFO]: seanmaster05[/192.168.1.68:50089] logged in with entity id 7321 at (-91.0174630716701, 68.2531999805212, 56.01908559252784)
[10:43:13] [Server thread/INFO]: seanmaster05 joined the game
[10:43:17] [Server thread/INFO]: [@] seanmaster05 has crossed the border in to inventor02's lair. Who will be next?
[10:43:17] [Server thread/INFO]: [@] seanmaster05 has crossed the border in to inventor02's lair. Who will be next?
[10:43:25] [Server thread/INFO]: [inventor02: Teleported seanmaster05 to inventor02]
[10:43:34] [Server thread/INFO]: [seanmaster05: Set own game mode to Creative Mode]
[10:43:42] [Server thread/WARN]: Can't keep up! Did the system time change, or is the server overloaded? Running 27580ms behind, skipping 551 tick(s)
[10:43:48] [Server thread/WARN]: Can't keep up! Did the system time change, or is the server overloaded? Running 6000ms behind, skipping 120 tick(s)
[10:44:27] [Server thread/WARN]: Can't keep up! Did the system time change, or is the server overloaded? Running 21738ms behind, skipping 434 tick(s)
[10:44:30] [Server thread/INFO]: [inventor02: Kicked seanmaster05 from the game]
[10:44:30] [Server thread/INFO]: seanmaster05 lost connection: TextComponent{text='Kicked by an operator.', siblings=[], style=Style{hasParent=false, color=null, bold=null, italic=null, underlined=null, obfuscated=null, clickEvent=null, hoverEvent=null, insertion=null}}
[10:44:30] [Server thread/INFO]: seanmaster05 left the game
[10:44:33] [Server thread/WARN]: Can't keep up! Did the system time change, or is the server overloaded? Running 5900ms behind, skipping 118 tick(s)
[10:44:39] [User Authenticator #12/INFO]: UUID of player seanmaster05 is 78b9490f-85ac-4d45-a710-a4db32a7e0e7
[10:44:39] [Server thread/INFO]: seanmaster05[/192.168.1.68:50093] logged in with entity id 7535 at (-69.5728310178624, 63.0, 27.4824300809512)
[10:44:39] [Server thread/INFO]: seanmaster05 joined the game
[10:44:52] [Server thread/INFO]: [inventor02: Kicked seanmaster05 from the game]
[10:44:52] [Server thread/INFO]: seanmaster05 lost connection: TextComponent{text='Kicked by an operator.', siblings=[], style=Style{hasParent=false, color=null, bold=null, italic=null, underlined=null, obfuscated=null, clickEvent=null, hoverEvent=null, insertion=null}}
[10:44:52] [Server thread/INFO]: seanmaster05 left the game
[10:44:55] [Server thread/WARN]: Can't keep up! Did the system time change, or is the server overloaded? Running 9257ms behind, skipping 185 tick(s)
[10:45:12] [Server thread/INFO]: [inventor02: Stopping the server]
[10:45:17] [Server thread/INFO]: Stopping server
[10:45:17] [Server thread/INFO]: Saving players
[10:45:17] [Server thread/INFO]: Saving worlds
[10:45:17] [Server thread/INFO]: Saving chunks for level 'world'/Overworld
[10:45:18] [Server thread/INFO]: Saving chunks for level 'world'/Nether
[10:45:18] [Server thread/INFO]: Saving chunks for level 'world'/The End
